{"C:\\Users\\User\\Desktop\\HTML\\frontend-project-lvl2\\src\\DiffLogic.js": {"path":"C:\\Users\\User\\Desktop\\HTML\\frontend-project-lvl2\\src\\DiffLogic.js","all":false,"statementMap":{"0":{"start":{"line":1,"column":0},"end":{"line":1,"column":20}},"1":{"start":{"line":2,"column":0},"end":{"line":2,"column":24}},"2":{"start":{"line":3,"column":0},"end":{"line":3,"column":0}},"3":{"start":{"line":4,"column":0},"end":{"line":4,"column":31}},"4":{"start":{"line":5,"column":0},"end":{"line":5,"column":63}},"5":{"start":{"line":6,"column":0},"end":{"line":6,"column":59}},"6":{"start":{"line":7,"column":0},"end":{"line":7,"column":41}},"7":{"start":{"line":8,"column":0},"end":{"line":8,"column":19}},"8":{"start":{"line":9,"column":0},"end":{"line":9,"column":2}},"9":{"start":{"line":10,"column":0},"end":{"line":10,"column":0}},"10":{"start":{"line":11,"column":0},"end":{"line":11,"column":43}},"11":{"start":{"line":12,"column":0},"end":{"line":12,"column":39}},"12":{"start":{"line":13,"column":0},"end":{"line":13,"column":39}},"13":{"start":{"line":14,"column":0},"end":{"line":14,"column":49}},"14":{"start":{"line":15,"column":0},"end":{"line":15,"column":49}},"15":{"start":{"line":16,"column":0},"end":{"line":16,"column":18}},"16":{"start":{"line":17,"column":0},"end":{"line":17,"column":0}},"17":{"start":{"line":18,"column":0},"end":{"line":18,"column":30}},"18":{"start":{"line":19,"column":0},"end":{"line":19,"column":35}},"19":{"start":{"line":20,"column":0},"end":{"line":20,"column":34}},"20":{"start":{"line":21,"column":0},"end":{"line":21,"column":13}},"21":{"start":{"line":22,"column":0},"end":{"line":22,"column":4}},"22":{"start":{"line":23,"column":0},"end":{"line":23,"column":0}},"23":{"start":{"line":24,"column":0},"end":{"line":24,"column":33}},"24":{"start":{"line":25,"column":0},"end":{"line":25,"column":34}},"25":{"start":{"line":26,"column":0},"end":{"line":26,"column":34}},"26":{"start":{"line":27,"column":0},"end":{"line":27,"column":30}},"27":{"start":{"line":28,"column":0},"end":{"line":28,"column":52}},"28":{"start":{"line":29,"column":0},"end":{"line":29,"column":55}},"29":{"start":{"line":30,"column":0},"end":{"line":30,"column":14}},"30":{"start":{"line":31,"column":0},"end":{"line":31,"column":54}},"31":{"start":{"line":32,"column":0},"end":{"line":32,"column":54}},"32":{"start":{"line":33,"column":0},"end":{"line":33,"column":7}},"33":{"start":{"line":34,"column":0},"end":{"line":34,"column":12}},"34":{"start":{"line":35,"column":0},"end":{"line":35,"column":52}},"35":{"start":{"line":36,"column":0},"end":{"line":36,"column":5}},"36":{"start":{"line":37,"column":0},"end":{"line":37,"column":5}},"37":{"start":{"line":38,"column":0},"end":{"line":38,"column":0}},"38":{"start":{"line":39,"column":0},"end":{"line":39,"column":33}},"39":{"start":{"line":40,"column":0},"end":{"line":40,"column":34}},"40":{"start":{"line":41,"column":0},"end":{"line":41,"column":33}},"41":{"start":{"line":42,"column":0},"end":{"line":42,"column":52}},"42":{"start":{"line":43,"column":0},"end":{"line":43,"column":5}},"43":{"start":{"line":44,"column":0},"end":{"line":44,"column":5}},"44":{"start":{"line":45,"column":0},"end":{"line":45,"column":22}},"45":{"start":{"line":46,"column":0},"end":{"line":46,"column":36}},"46":{"start":{"line":47,"column":0},"end":{"line":47,"column":2}},"47":{"start":{"line":48,"column":0},"end":{"line":48,"column":23}}},"s":{"0":1,"1":1,"2":1,"3":1,"4":2,"5":2,"6":2,"7":2,"8":2,"9":1,"10":1,"11":1,"12":1,"13":1,"14":1,"15":1,"16":1,"17":1,"18":10,"19":10,"20":1,"21":1,"22":1,"23":1,"24":4,"25":4,"26":4,"27":2,"28":1,"29":1,"30":1,"31":1,"32":1,"33":2,"34":2,"35":2,"36":4,"37":1,"38":1,"39":3,"40":3,"41":1,"42":1,"43":3,"44":1,"45":1,"46":1,"47":1},"branchMap":{"0":{"type":"branch","line":4,"loc":{"start":{"line":4,"column":17},"end":{"line":9,"column":2}},"locations":[{"start":{"line":4,"column":17},"end":{"line":9,"column":2}}]},"1":{"type":"branch","line":11,"loc":{"start":{"line":11,"column":16},"end":{"line":47,"column":2}},"locations":[{"start":{"line":11,"column":16},"end":{"line":47,"column":2}}]},"2":{"type":"branch","line":18,"loc":{"start":{"line":18,"column":19},"end":{"line":22,"column":4}},"locations":[{"start":{"line":18,"column":19},"end":{"line":22,"column":4}}]},"3":{"type":"branch","line":19,"loc":{"start":{"line":19,"column":21},"end":{"line":20,"column":8}},"locations":[{"start":{"line":19,"column":21},"end":{"line":20,"column":8}}]},"4":{"type":"branch","line":20,"loc":{"start":{"line":20,"column":21},"end":{"line":20,"column":34}},"locations":[{"start":{"line":20,"column":21},"end":{"line":20,"column":34}}]},"5":{"type":"branch","line":21,"loc":{"start":{"line":21,"column":-2},"end":{"line":22,"column":4}},"locations":[{"start":{"line":21,"column":-2},"end":{"line":22,"column":4}}]},"6":{"type":"branch","line":24,"loc":{"start":{"line":24,"column":24},"end":{"line":37,"column":5}},"locations":[{"start":{"line":24,"column":24},"end":{"line":37,"column":5}}]},"7":{"type":"branch","line":27,"loc":{"start":{"line":27,"column":29},"end":{"line":36,"column":5}},"locations":[{"start":{"line":27,"column":29},"end":{"line":36,"column":5}}]},"8":{"type":"branch","line":28,"loc":{"start":{"line":28,"column":51},"end":{"line":33,"column":7}},"locations":[{"start":{"line":28,"column":51},"end":{"line":33,"column":7}}]},"9":{"type":"branch","line":39,"loc":{"start":{"line":39,"column":24},"end":{"line":44,"column":5}},"locations":[{"start":{"line":39,"column":24},"end":{"line":44,"column":5}}]},"10":{"type":"branch","line":41,"loc":{"start":{"line":41,"column":32},"end":{"line":43,"column":5}},"locations":[{"start":{"line":41,"column":32},"end":{"line":43,"column":5}}]}},"b":{"0":[2],"1":[1],"2":[10],"3":[5],"4":[4],"5":[1],"6":[4],"7":[2],"8":[1],"9":[3],"10":[1]},"fnMap":{"0":{"name":"getData","decl":{"start":{"line":4,"column":17},"end":{"line":9,"column":2}},"loc":{"start":{"line":4,"column":17},"end":{"line":9,"column":2}},"line":4},"1":{"name":"getDiff","decl":{"start":{"line":11,"column":16},"end":{"line":47,"column":2}},"loc":{"start":{"line":11,"column":16},"end":{"line":47,"column":2}},"line":11},"2":{"name":"sortDiff","decl":{"start":{"line":18,"column":19},"end":{"line":22,"column":4}},"loc":{"start":{"line":18,"column":19},"end":{"line":22,"column":4}},"line":18}},"f":{"0":2,"1":1,"2":10}}
}
