TN:
SF:src\DiffLogic.js
FN:4,getData
FN:11,getDiff
FN:18,sortDiff
FNF:3
FNH:3
FNDA:2,getData
FNDA:1,getDiff
FNDA:10,sortDiff
DA:1,1
DA:2,1
DA:3,1
DA:4,1
DA:5,2
DA:6,2
DA:7,2
DA:8,2
DA:9,2
DA:10,1
DA:11,1
DA:12,1
DA:13,1
DA:14,1
DA:15,1
DA:16,1
DA:17,1
DA:18,1
DA:19,10
DA:20,10
DA:21,1
DA:22,1
DA:23,1
DA:24,1
DA:25,4
DA:26,4
DA:27,4
DA:28,2
DA:29,1
DA:30,1
DA:31,1
DA:32,1
DA:33,1
DA:34,2
DA:35,2
DA:36,2
DA:37,4
DA:38,1
DA:39,1
DA:40,3
DA:41,3
DA:42,1
DA:43,1
DA:44,3
DA:45,1
DA:46,1
DA:47,1
DA:48,1
LF:48
LH:48
BRDA:4,0,0,2
BRDA:11,1,0,1
BRDA:18,2,0,10
BRDA:19,3,0,5
BRDA:20,4,0,4
BRDA:21,5,0,1
BRDA:24,6,0,4
BRDA:27,7,0,2
BRDA:28,8,0,1
BRDA:39,9,0,3
BRDA:41,10,0,1
BRF:11
BRH:11
end_of_record
